<?xml version="1.0" encoding="UTF-8"?>
<!-- Generated by org.testng.reporters.JUnitReportReporter -->
<testsuite hostname="DESKTOP-LQUOLN8" failures="0" tests="1" name="chrome.Login" time="47.249" errors="0" timestamp="2020-10-18T16:04:07 IST" skipped="0">
  <testcase classname="chrome.Login" name="loginToLeafTaps" time="47.249"/>
  <system-out/>
</testsuite> <!-- chrome.Login -->
